This is pdfTeX, Version 3.14159265-2.6-1.40.18 (TeX Live 2017/Debian) (preloaded format=pdflatex 2018.8.22)  31 AUG 2018 23:42
entering extended mode
 restricted \write18 enabled.
 %&-line parsing enabled.
**manual.tex
(./manual.tex
LaTeX2e <2017-04-15>
Babel <3.18> and hyphenation patterns for 10 language(s) loaded.
(/usr/share/texlive/texmf-dist/tex/latex/base/book.cls
Document Class: book 2014/09/29 v1.4h Standard LaTeX document class
(/usr/share/texlive/texmf-dist/tex/latex/base/bk12.clo
File: bk12.clo 2014/09/29 v1.4h Standard LaTeX file (size option)
)
\c@part=\count79
\c@chapter=\count80
\c@section=\count81
\c@subsection=\count82
\c@subsubsection=\count83
\c@paragraph=\count84
\c@subparagraph=\count85
\c@figure=\count86
\c@table=\count87
\abovecaptionskip=\skip41
\belowcaptionskip=\skip42
\bibindent=\dimen102
)
(/usr/share/texlive/texmf-dist/tex/latex/graphics/graphicx.sty
Package: graphicx 2017/06/01 v1.1a Enhanced LaTeX Graphics (DPC,SPQR)

(/usr/share/texlive/texmf-dist/tex/latex/graphics/keyval.sty
Package: keyval 2014/10/28 v1.15 key=value parser (DPC)
\KV@toks@=\toks14
)
(/usr/share/texlive/texmf-dist/tex/latex/graphics/graphics.sty
Package: graphics 2017/06/25 v1.2c Standard LaTeX Graphics (DPC,SPQR)

(/usr/share/texlive/texmf-dist/tex/latex/graphics/trig.sty
Package: trig 2016/01/03 v1.10 sin cos tan (DPC)
)
(/usr/share/texlive/texmf-dist/tex/latex/graphics-cfg/graphics.cfg
File: graphics.cfg 2016/06/04 v1.11 sample graphics configuration
)
Package graphics Info: Driver file: pdftex.def on input line 99.

(/usr/share/texlive/texmf-dist/tex/latex/graphics-def/pdftex.def
File: pdftex.def 2018/01/08 v1.0l Graphics/color driver for pdftex
))
\Gin@req@height=\dimen103
\Gin@req@width=\dimen104
)
(./manual.aux)
\openout1 = `manual.aux'.

LaTeX Font Info:    Checking defaults for OML/cmm/m/it on input line 9.
LaTeX Font Info:    ... okay on input line 9.
LaTeX Font Info:    Checking defaults for T1/cmr/m/n on input line 9.
LaTeX Font Info:    ... okay on input line 9.
LaTeX Font Info:    Checking defaults for OT1/cmr/m/n on input line 9.
LaTeX Font Info:    ... okay on input line 9.
LaTeX Font Info:    Checking defaults for OMS/cmsy/m/n on input line 9.
LaTeX Font Info:    ... okay on input line 9.
LaTeX Font Info:    Checking defaults for OMX/cmex/m/n on input line 9.
LaTeX Font Info:    ... okay on input line 9.
LaTeX Font Info:    Checking defaults for U/cmr/m/n on input line 9.
LaTeX Font Info:    ... okay on input line 9.

(/usr/share/texlive/texmf-dist/tex/context/base/mkii/supp-pdf.mkii
[Loading MPS to PDF converter (version 2006.09.02).]
\scratchcounter=\count88
\scratchdimen=\dimen105
\scratchbox=\box26
\nofMPsegments=\count89
\nofMParguments=\count90
\everyMPshowfont=\toks15
\MPscratchCnt=\count91
\MPscratchDim=\dimen106
\MPnumerator=\count92
\makeMPintoPDFobject=\count93
\everyMPtoPDFconversion=\toks16
) (/usr/share/texlive/texmf-dist/tex/latex/oberdiek/epstopdf-base.sty
Package: epstopdf-base 2016/05/15 v2.6 Base part for package epstopdf

(/usr/share/texlive/texmf-dist/tex/generic/oberdiek/infwarerr.sty
Package: infwarerr 2016/05/16 v1.4 Providing info/warning/error messages (HO)
)
(/usr/share/texlive/texmf-dist/tex/latex/oberdiek/grfext.sty
Package: grfext 2016/05/16 v1.2 Manage graphics extensions (HO)

(/usr/share/texlive/texmf-dist/tex/generic/oberdiek/kvdefinekeys.sty
Package: kvdefinekeys 2016/05/16 v1.4 Define keys (HO)

(/usr/share/texlive/texmf-dist/tex/generic/oberdiek/ltxcmds.sty
Package: ltxcmds 2016/05/16 v1.23 LaTeX kernel commands for general use (HO)
)))
(/usr/share/texlive/texmf-dist/tex/latex/oberdiek/kvoptions.sty
Package: kvoptions 2016/05/16 v3.12 Key value format for package options (HO)

(/usr/share/texlive/texmf-dist/tex/generic/oberdiek/kvsetkeys.sty
Package: kvsetkeys 2016/05/16 v1.17 Key value parser (HO)

(/usr/share/texlive/texmf-dist/tex/generic/oberdiek/etexcmds.sty
Package: etexcmds 2016/05/16 v1.6 Avoid name clashes with e-TeX commands (HO)

(/usr/share/texlive/texmf-dist/tex/generic/oberdiek/ifluatex.sty
Package: ifluatex 2016/05/16 v1.4 Provides the ifluatex switch (HO)
Package ifluatex Info: LuaTeX not detected.
)
Package etexcmds Info: Could not find \expanded.
(etexcmds)             That can mean that you are not using pdfTeX 1.50 or
(etexcmds)             that some package has redefined \expanded.
(etexcmds)             In the latter case, load this package earlier.
)))
(/usr/share/texlive/texmf-dist/tex/generic/oberdiek/pdftexcmds.sty
Package: pdftexcmds 2018/01/21 v0.26 Utility functions of pdfTeX for LuaTeX (HO
)

(/usr/share/texlive/texmf-dist/tex/generic/oberdiek/ifpdf.sty
Package: ifpdf 2017/03/15 v3.2 Provides the ifpdf switch
)
Package pdftexcmds Info: LuaTeX not detected.
Package pdftexcmds Info: \pdf@primitive is available.
Package pdftexcmds Info: \pdf@ifprimitive is available.
Package pdftexcmds Info: \pdfdraftmode found.
)
Package epstopdf-base Info: Redefining graphics rule for `.eps' on input line 4
38.
Package grfext Info: Graphics extension search list:
(grfext)             [.pdf,.png,.jpg,.mps,.jpeg,.jbig2,.jb2,.PDF,.PNG,.JPG,.JPE
G,.JBIG2,.JB2,.eps]
(grfext)             \AppendGraphicsExtensions on input line 456.

(/usr/share/texlive/texmf-dist/tex/latex/latexconfig/epstopdf-sys.cfg
File: epstopdf-sys.cfg 2010/07/13 v1.3 Configuration of (r)epstopdf for TeX Liv
e
))
LaTeX Font Info:    External font `cmex10' loaded for size
(Font)              <14.4> on input line 10.
LaTeX Font Info:    External font `cmex10' loaded for size
(Font)              <7> on input line 10.

[1


{/var/lib/texmf/fonts/map/pdftex/updmap/pdftex.map}] [2

]
Chapter 1.
LaTeX Font Info:    Try loading font information for OMS+cmr on input line 19.
(/usr/share/texlive/texmf-dist/tex/latex/base/omscmr.fd
File: omscmr.fd 2014/09/29 v2.5h Standard LaTeX font definitions
)
LaTeX Font Info:    Font shape `OMS/cmr/m/n' in size <12> not available
(Font)              Font shape `OMS/cmsy/m/n' tried instead on input line 19.
 [3]
<./images/PentodeWorkFlow.png, id=16, 791.20593pt x 539.76656pt>
File: ./images/PentodeWorkFlow.png Graphic file (type png)
<use ./images/PentodeWorkFlow.png>
Package pdftex.def Info: ./images/PentodeWorkFlow.png  used on input line 28.
(pdftex.def)             Requested size: 390.0pt x 266.06104pt.

Underfull \hbox (badness 10000) in paragraph at lines 27--30

 []

[4 <./images/PentodeWorkFlow.png>]
Missing character: There is no â in font cmr12!
Missing character: There is no € in font cmr12!
Missing character: There is no “ in font cmr12!

Underfull \hbox (badness 10000) in paragraph at lines 48--49

 []

[5] [6

]
Chapter 2.

Underfull \hbox (badness 10000) in paragraph at lines 50--52

 []


Underfull \hbox (badness 10000) in paragraph at lines 53--54

 []


Underfull \hbox (badness 10000) in paragraph at lines 55--56

 []


Underfull \vbox (badness 1048) has occurred while \output is active []

 [7]
Underfull \hbox (badness 10000) in paragraph at lines 57--63

 []

[8]
Underfull \hbox (badness 10000) in paragraph at lines 64--66

 []


Underfull \hbox (badness 10000) in paragraph at lines 67--71

 []

<./images/tabletBB.pdf, id=37, 1165.35374pt x 1324.95pt>
File: ./images/tabletBB.pdf Graphic file (type pdf)
<use ./images/tabletBB.pdf>
Package pdftex.def Info: ./images/tabletBB.pdf  used on input line 73.
(pdftex.def)             Requested size: 390.0pt x 443.40106pt.
<./images/test.png, id=38, 803.0pt x 602.25pt>
File: ./images/test.png Graphic file (type png)
<use ./images/test.png>
Package pdftex.def Info: ./images/test.png  used on input line 76.
(pdftex.def)             Requested size: 390.0pt x 292.50443pt.
[9]
Underfull \vbox (badness 10000) has occurred while \output is active []

 [10 <./images/tabletBB.pdf>]
Underfull \hbox (badness 10000) in paragraph at lines 80--85

 []


Underfull \vbox (badness 10000) has occurred while \output is active []

 [11 <./images/test.png (PNG copy)>] [12] [13] [14

]
Chapter 3.

Underfull \hbox (badness 10000) in paragraph at lines 99--100

 []


Underfull \hbox (badness 10000) in paragraph at lines 101--103

 []


Underfull \hbox (badness 10000) in paragraph at lines 104--117

 []

[15] [16]
Underfull \hbox (badness 10000) in paragraph at lines 119--120

 []

[17] [18] [19] [20

]
Chapter 4.
[21] [22

]
Chapter 5.
[23] [24

]
Chapter 6.
[25] [26

]
Chapter 7.
(./help
Underfull \hbox (badness 10000) in paragraph at lines 3--13

 []


Underfull \hbox (badness 10000) in paragraph at lines 15--21

 []

[27]
Underfull \hbox (badness 10000) in paragraph at lines 22--29

 []

[28]
Underfull \hbox (badness 10000) in paragraph at lines 41--48

 []


Underfull \hbox (badness 10000) in paragraph at lines 49--56

 []


Underfull \hbox (badness 10000) in paragraph at lines 58--64

 []

[29]
Underfull \hbox (badness 10000) in paragraph at lines 65--72

 []


Underfull \hbox (badness 10000) in paragraph at lines 74--80

 []


Underfull \hbox (badness 10000) in paragraph at lines 81--88

 []

[30]
Underfull \hbox (badness 10000) in paragraph at lines 90--97

 []


Underfull \hbox (badness 10000) in paragraph at lines 98--104

 []


Underfull \hbox (badness 10000) in paragraph at lines 106--112

 []

[31]
Underfull \hbox (badness 10000) in paragraph at lines 113--120

 []


Underfull \hbox (badness 10000) in paragraph at lines 121--129

 []


Underfull \hbox (badness 10000) in paragraph at lines 131--148

 []

[32]
Underfull \hbox (badness 10000) in paragraph at lines 149--169

 []

[33]
Underfull \hbox (badness 10000) in paragraph at lines 171--178

 []


Underfull \hbox (badness 10000) in paragraph at lines 179--185

 []


Underfull \vbox (badness 10000) has occurred while \output is active []

 [34]
Overfull \hbox (42.91356pt too wide) in paragraph at lines 186--200
\OT1/cmr/m/n/12 (rungekutta3|euler|midpoint|rungekutta4bis3/8|rungeKutta4|ralst
on|heun) 
 []


Underfull \hbox (badness 10000) in paragraph at lines 186--200

 []


Underfull \hbox (badness 10000) in paragraph at lines 201--207

 []


Underfull \vbox (badness 1019) has occurred while \output is active []

 [35]
Underfull \hbox (badness 10000) in paragraph at lines 209--254

 []


Underfull \hbox (badness 10000) in paragraph at lines 209--254

 []

[36] [37]
Overfull \hbox (118.80028pt too wide) in paragraph at lines 256--266
\OT1/cmr/m/n/12 --outputFormat = (de-fault png ) the out-put file for-mat (png|
jpeg|bmp|wbmp|gif|csv|screen) 
 []


Underfull \hbox (badness 10000) in paragraph at lines 256--266

 []


Underfull \hbox (badness 10000) in paragraph at lines 267--274

 []

[38]
Overfull \hbox (2.67232pt too wide) in paragraph at lines 275--283
\OT1/cmr/m/n/12 to list (black-boxes|variables|parsedLines|nodes|currencies|def
initions) 
 []


Underfull \hbox (badness 10000) in paragraph at lines 275--283

 []


Underfull \hbox (badness 10000) in paragraph at lines 284--291

 []

Missing character: There is no â in font cmr12!
Missing character: There is no ‚ in font cmr12!
Missing character: There is no ¬ in font cmr12!

Underfull \hbox (badness 10000) in paragraph at lines 293--322

 []

[39]
Missing character: There is no â in font cmr12!
Missing character: There is no ‚ in font cmr12!
Missing character: There is no ¬ in font cmr12!

Underfull \hbox (badness 10000) in paragraph at lines 323--357

 []

[40]
Missing character: There is no â in font cmr12!
Missing character: There is no ‚ in font cmr12!
Missing character: There is no ¬ in font cmr12!

Underfull \hbox (badness 10000) in paragraph at lines 358--392

 []

[41]
Underfull \vbox (badness 3646) has occurred while \output is active []

 [42]
Missing character: There is no â in font cmr12!
Missing character: There is no ‚ in font cmr12!
Missing character: There is no ¬ in font cmr12!

Underfull \hbox (badness 10000) in paragraph at lines 393--419

 []

[43]
Missing character: There is no â in font cmr12!
Missing character: There is no ‚ in font cmr12!
Missing character: There is no ¬ in font cmr12!

Underfull \hbox (badness 10000) in paragraph at lines 420--447

 []

Missing character: There is no â in font cmr12!
Missing character: There is no ‚ in font cmr12!
Missing character: There is no ¬ in font cmr12!

Underfull \hbox (badness 10000) in paragraph at lines 448--475

 []

[44]
Missing character: There is no â in font cmr12!
Missing character: There is no ‚ in font cmr12!
Missing character: There is no ¬ in font cmr12!

Underfull \hbox (badness 10000) in paragraph at lines 476--509

 []


Underfull \vbox (badness 10000) has occurred while \output is active []

 [45]
Underfull \vbox (badness 3646) has occurred while \output is active []

 [46]
Missing character: There is no â in font cmr12!
Missing character: There is no ‚ in font cmr12!
Missing character: There is no ¬ in font cmr12!

Underfull \hbox (badness 10000) in paragraph at lines 510--542

 []

[47]
Missing character: There is no â in font cmr12!
Missing character: There is no ‚ in font cmr12!
Missing character: There is no ¬ in font cmr12!

Underfull \hbox (badness 10000) in paragraph at lines 544--569

 []

[48]
Missing character: There is no â in font cmr12!
Missing character: There is no ‚ in font cmr12!
Missing character: There is no ¬ in font cmr12!

Underfull \hbox (badness 10000) in paragraph at lines 570--595

 []

Missing character: There is no â in font cmr12!
Missing character: There is no ‚ in font cmr12!
Missing character: There is no ¬ in font cmr12!

Underfull \hbox (badness 10000) in paragraph at lines 596--621

 []

[49]
Missing character: There is no â in font cmr12!
Missing character: There is no ‚ in font cmr12!
Missing character: There is no ¬ in font cmr12!

Underfull \hbox (badness 10000) in paragraph at lines 623--641

 []


Underfull \vbox (badness 10000) has occurred while \output is active []

 [50]
Missing character: There is no â in font cmr12!
Missing character: There is no ‚ in font cmr12!
Missing character: There is no ¬ in font cmr12!

Underfull \hbox (badness 10000) in paragraph at lines 643--675

 []

[51] [52]
Missing character: There is no â in font cmr12!
Missing character: There is no ‚ in font cmr12!
Missing character: There is no ¬ in font cmr12!

Underfull \hbox (badness 10000) in paragraph at lines 676--718

 []

[53]
Missing character: There is no â in font cmr12!
Missing character: There is no ‚ in font cmr12!
Missing character: There is no ¬ in font cmr12!
)
Underfull \hbox (badness 10000) in paragraph at lines 719--175

 []

[54] [55] [56] (./manual.aux) ) 
Here is how much of TeX's memory you used:
 1491 strings out of 494798
 21459 string characters out of 6177669
 78401 words of memory out of 5000000
 4828 multiletter control sequences out of 15000+600000
 7932 words of font info for 28 fonts, out of 8000000 for 9000
 81 hyphenation exceptions out of 8191
 41i,6n,25p,1007b,260s stack positions out of 5000i,500n,10000p,200000b,80000s
</usr/share/texlive/texmf-dist/fonts/type1/publi
c/amsfonts/cm/cmbx12.pfb></usr/share/texlive/texmf-dist/fonts/type1/public/amsf
onts/cm/cmr12.pfb></usr/share/texlive/texmf-dist/fonts/type1/public/amsfonts/cm
/cmr17.pfb></usr/share/texlive/texmf-dist/fonts/type1/public/amsfonts/cm/cmsl12
.pfb></usr/share/texlive/texmf-dist/fonts/type1/public/amsfonts/cm/cmsy10.pfb><
/usr/share/texlive/texmf-dist/fonts/type1/public/amsfonts/cm/cmti12.pfb>
Output written on manual.pdf (56 pages, 250467 bytes).
PDF statistics:
 217 PDF objects out of 1000 (max. 8388607)
 147 compressed objects within 2 object streams
 0 named destinations out of 1000 (max. 500000)
 16 words of extra memory for PDF output out of 10000 (max. 10000000)

